<?xml version="1.0" encoding="UTF-8"?>
<testng-results ignored="0" total="2" passed="2" failed="0" skipped="0">
  <reporter-output>
  </reporter-output>
  <suite started-at="2026-01-18T18:09:25 IST" name="Suite" finished-at="2026-01-18T18:10:03 IST" duration-ms="38223">
    <groups>
    </groups>
    <test started-at="2026-01-18T18:09:25 IST" name="Test" finished-at="2026-01-18T18:10:03 IST" duration-ms="38223">
      <class name="testcases.RunLogin">
        <test-method is-config="true" signature="preCondition()[pri:0, instance:testcases.RunLogin@6340e5f0]" started-at="2026-01-18T18:09:25 IST" name="preCondition" finished-at="2026-01-18T18:09:35 IST" duration-ms="10779" status="PASS">
          <reporter-output>
          </reporter-output>
        </test-method> <!-- preCondition -->
        <test-method signature="runLogin()[pri:0, instance:testcases.RunLogin@6340e5f0]" started-at="2026-01-18T18:09:35 IST" name="runLogin" finished-at="2026-01-18T18:09:40 IST" duration-ms="4073" status="PASS">
          <reporter-output>
          </reporter-output>
        </test-method> <!-- runLogin -->
        <test-method is-config="true" signature="postCondition()[pri:0, instance:testcases.RunLogin@6340e5f0]" started-at="2026-01-18T18:09:40 IST" name="postCondition" finished-at="2026-01-18T18:09:40 IST" duration-ms="748" status="PASS">
          <reporter-output>
          </reporter-output>
        </test-method> <!-- postCondition -->
      </class> <!-- testcases.RunLogin -->
      <class name="testcases.RunCreateLead">
        <test-method is-config="true" signature="preCondition()[pri:0, instance:testcases.RunCreateLead@3b0fe47a]" started-at="2026-01-18T18:09:40 IST" name="preCondition" finished-at="2026-01-18T18:09:49 IST" duration-ms="9085" status="PASS">
          <reporter-output>
          </reporter-output>
        </test-method> <!-- preCondition -->
        <test-method signature="runCreateLead()[pri:0, instance:testcases.RunCreateLead@3b0fe47a]" started-at="2026-01-18T18:09:49 IST" name="runCreateLead" finished-at="2026-01-18T18:10:02 IST" duration-ms="12789" status="PASS">
          <reporter-output>
          </reporter-output>
        </test-method> <!-- runCreateLead -->
        <test-method is-config="true" signature="postCondition()[pri:0, instance:testcases.RunCreateLead@3b0fe47a]" started-at="2026-01-18T18:10:02 IST" name="postCondition" finished-at="2026-01-18T18:10:03 IST" duration-ms="562" status="PASS">
          <reporter-output>
          </reporter-output>
        </test-method> <!-- postCondition -->
      </class> <!-- testcases.RunCreateLead -->
    </test> <!-- Test -->
  </suite> <!-- Suite -->
</testng-results>
